验证码图像channel: (25, 96, 3)
验证码文本最长字符数 6
0
0 0.695874
0 0.005
1 0.460536
2 0.0948101
3 0.220538
4 0.2274
5 0.158946
6 0.0998701
7 0.116458
8 0.149409
9 0.127251
10 0.0937005
11 0.0952264
12 0.109962
13 0.118916
14 0.111283
15 0.0985855
16 0.0871989
17 0.0930529
18 0.101218
19 0.101609
20 0.0932133
21 0.0864267
22 0.0877781
23 0.0927278
24 0.093338
25 0.0913728
26 0.0873144
27 0.0865661
28 0.0886511
29 0.091085
30 0.0900303
31 0.0868225
32 0.0861316
33 0.087145
34 0.0881076
35 0.0872023
36 0.0861323
37 0.0859546
38 0.0854657
39 0.0874323
40 0.0867717
41 0.0857425
42 0.0846644
43 0.085543
44 0.0853684
45 0.0854338
46 0.0855028
47 0.084691
48 0.0852956
49 0.0854882
50 0.0850508
51 0.084528
52 0.0848934
53 0.0849794
54 0.0851403
55 0.0844286
56 0.0845548
57 0.0855716
58 0.084886
59 0.0854313
60 0.0852683
61 0.084763
62 0.084973
63 0.0841615
64 0.084787
65 0.0837232
66 0.0842373
67 0.0843169
68 0.0846579
69 0.084422
70 0.0834775
71 0.0848025
72 0.0837954
73 0.0842238
74 0.0845981
75 0.0840684
76 0.0845523
77 0.0845525
78 0.0837655
79 0.0843859
80 0.0841268
81 0.0840997
82 0.0843715
83 0.0842481
84 0.0844739
85 0.0844212
86 0.0837887
87 0.0843963
88 0.0846508
89 0.0844753
90 0.0847733
91 0.0840396
92 0.0844631
93 0.0837189
94 0.0840804
95 0.0845933
96 0.0844657
97 0.084043
98 0.0846559
99 0.084105
100 0.0845514
100 0.0116667
101 0.0843553
102 0.0843913
103 0.0838606
104 0.0833955
105 0.084238
106 0.0842679
107 0.0849025
108 0.0842329
109 0.0848275
110 0.0837435
111 0.0840718
112 0.0840362
113 0.084391
114 0.0839343
115 0.0836851
116 0.0840655
117 0.0841144
118 0.0842663
119 0.0844305
120 0.0839801
121 0.0847074
122 0.084007
123 0.0844002
124 0.0849372
125 0.0841932
126 0.0844723
127 0.0840807
128 0.0840927
129 0.0847123
130 0.084302
131 0.0843437
132 0.0837688
133 0.0839524
134 0.0837554
135 0.0840916
136 0.0844037
137 0.0846307
138 0.0841879
139 0.0841873
140 0.0849801
141 0.084088
142 0.0847341
143 0.0845115
144 0.0840853
145 0.0840264
146 0.084047
147 0.0836146
148 0.0838403
149 0.0844788
150 0.0843845
151 0.083798
152 0.0840492
153 0.0843943
154 0.0842052
155 0.0845913
156 0.0843552
157 0.0835462
158 0.083976
159 0.0839531
160 0.0840369
161 0.0841272
162 0.0839969
163 0.0835282
164 0.0839889
165 0.0839285
166 0.0835941
167 0.084485
168 0.0843381
169 0.084118
170 0.0840333
171 0.0843943
172 0.0836782
173 0.0840843
174 0.0834924
175 0.0843295
176 0.0839568
177 0.0840643
178 0.0843604
179 0.0840807
180 0.0843712
181 0.0839082
182 0.0837675
183 0.083422
184 0.0837022
185 0.0838949
186 0.0841478
187 0.0837744
188 0.0842877
189 0.0837288
190 0.0842883
191 0.0842145
192 0.0836856
193 0.0837951
194 0.0835272
195 0.0837785
196 0.0842099
197 0.0835641
198 0.0834884
199 0.0837337
200 0.0841179
200 0.0116667
201 0.0833706
202 0.0836378
203 0.0835972
204 0.0836833
205 0.0837388
206 0.0844714
207 0.0833345
208 0.0836339
209 0.0835249
210 0.0842412
211 0.0842118
212 0.0843678
213 0.0845313
214 0.0835242
215 0.0837703
216 0.0841277
217 0.0833655
218 0.0843371
219 0.0836711
220 0.0839206
221 0.083576
222 0.0840035
223 0.0838784
224 0.0841993
225 0.0839564
226 0.0838493
227 0.0838473
228 0.0837586
229 0.0839002
230 0.083662
231 0.0833189
232 0.0837019
233 0.0834987
234 0.0837892
235 0.0837409
236 0.0840383
237 0.0838878
238 0.0837702
239 0.0838263
240 0.0844183
241 0.0838409
242 0.0838797
243 0.0841935
244 0.083448
245 0.0837339
246 0.0834908
247 0.0836111
248 0.0842131
249 0.0837971
250 0.0842491
251 0.084516
252 0.0838745
253 0.0830214
254 0.0836789
255 0.0834636
256 0.0837463
257 0.0844936
258 0.0837206
259 0.0841238
260 0.084064
261 0.0838337
262 0.0837259
263 0.0837794
264 0.0837179
265 0.0841101
266 0.0841364
267 0.0841978
268 0.083402
269 0.0836097
270 0.084001
271 0.0839019
272 0.0841621
273 0.0834597
274 0.0832886
275 0.0836204
276 0.0842084
277 0.0840388
278 0.0837026
279 0.0830048
280 0.0835988
281 0.0838806
282 0.084004
283 0.0842012
284 0.0841512
285 0.084108
286 0.0843049
287 0.0835168
288 0.0833771
289 0.0836344
290 0.0836379
291 0.0835929
292 0.0840034
293 0.0839296
294 0.0838574
295 0.0832429
296 0.0837784
297 0.0837923
298 0.083667
299 0.0839719
300 0.0834914
300 0.0233333
301 0.0834224
302 0.0840257
303 0.0836751
304 0.0839177
305 0.0837849
306 0.0836035
307 0.0833148
308 0.0837229
309 0.0839943
310 0.0839363
311 0.0839538
312 0.083512
313 0.0838213
314 0.0838932
315 0.0837947
316 0.0837366
317 0.0842193
318 0.0834911
319 0.083414
320 0.0831677
321 0.0841841
322 0.0838632
323 0.0839717
324 0.0839455
325 0.0837486
326 0.0831952
327 0.083499
328 0.0834163
329 0.0835317
330 0.0844814
331 0.0841723
332 0.0838663
333 0.0837787
334 0.0838892
335 0.0835312
336 0.0833302
337 0.08364
338 0.0842513
339 0.0838031
340 0.0837251
341 0.0838691
342 0.0840474
343 0.0836
344 0.0837417
345 0.0838494
346 0.0834617
347 0.0835379
348 0.083731
349 0.0841867
350 0.0839155
351 0.084143
352 0.0833666
353 0.0836675
354 0.083913
355 0.0841367
356 0.0837402
357 0.0836698
358 0.0836272
359 0.0836641
360 0.0833848
361 0.0846643
362 0.0838192
363 0.0834801
364 0.0829704
365 0.0835652
366 0.083734
367 0.0838913
368 0.0839513
369 0.0837954
370 0.0842803
371 0.0833578
372 0.0843147
373 0.0831815
374 0.0835861
375 0.0835967
376 0.0838192
377 0.0836865
378 0.0839117
379 0.0839284
380 0.0833983
381 0.0834771
382 0.0834139
383 0.084419
384 0.0833495
385 0.0832561
386 0.0835083
387 0.083348
388 0.0834365
389 0.083597
390 0.0835989
391 0.0842697
392 0.0835292
393 0.0832228
394 0.0834409
395 0.0838068
396 0.0832695
397 0.0838427
398 0.0838477
399 0.0835592
400 0.0845154
400 0.00666667
401 0.0836872
402 0.0832275
403 0.0835101
404 0.0834355
405 0.0836996
406 0.0833282
407 0.0833707
408 0.0836391
409 0.083414
410 0.0839007
411 0.0834609
412 0.083641
413 0.0838667
414 0.0839126
415 0.0837032
416 0.0834348
417 0.0834081
418 0.0838086
419 0.0839687
420 0.0838895
421 0.0833803
422 0.0838965
423 0.0838242
424 0.0839207
425 0.0832392
426 0.0835722
427 0.0838364
428 0.0835301
429 0.0831354
430 0.0836337
431 0.0839537
432 0.0835261
433 0.0840814
434 0.0836018
435 0.0838437
436 0.0835371
437 0.084056
438 0.0833887
439 0.083881
440 0.0833527
441 0.0839093
442 0.0841414
443 0.083836
444 0.0835698
445 0.0837805
446 0.0837086
447 0.0840184
448 0.0837234
449 0.0834448
450 0.0836345
451 0.083903
452 0.0835782
453 0.0833001
454 0.0837992
455 0.0837725
456 0.0830858
457 0.083466
458 0.0833214
459 0.0836569
460 0.0836491
461 0.084234
462 0.0837475
463 0.0837738
464 0.0834844
465 0.0836117
466 0.083412
467 0.0833807
468 0.0834761
469 0.083923
470 0.0833039
471 0.083939
472 0.0832263
473 0.0839424
474 0.0830843
475 0.0839304
476 0.0838863
477 0.0830289
478 0.0837658
479 0.0833377
480 0.0835863
481 0.0837184
482 0.0835392
483 0.0839499
484 0.0838532
485 0.0834803
486 0.083328
487 0.0833585
488 0.083407
489 0.0837037
490 0.0834521
491 0.0839484
492 0.0836273
493 0.0835197
494 0.0834066
495 0.083629
496 0.0833725
497 0.0837004
498 0.0836859
499 0.0833264
500 0.0837289
500 0.0183333
501 0.0836441
502 0.0835604
503 0.0838177
504 0.0839488
505 0.0839969
506 0.0835743
507 0.0831457
508 0.083581
509 0.0831002
510 0.0836836
511 0.0831137
512 0.0835674
513 0.0834919
514 0.0836679
515 0.083654
516 0.0835118
517 0.0836125
518 0.0834318
519 0.0836461
520 0.0835432
521 0.083196
522 0.0832611
523 0.0836334
524 0.083418
525 0.0831111
526 0.0840807
527 0.083603
528 0.0835947
529 0.0840846
530 0.083455
531 0.083433
532 0.0834949
533 0.0836749
534 0.0837037
535 0.0833
536 0.0832839
537 0.0833098
538 0.0833251
539 0.0832087
540 0.0836576
541 0.0836447
542 0.0832381
543 0.0836417
544 0.0834373
545 0.0833572
546 0.0833543
547 0.0838094
548 0.083595
549 0.0835202
550 0.0834341
551 0.0832532
552 0.0832998
553 0.0835442
554 0.0833027
555 0.0837904
556 0.0831873
557 0.0830115
558 0.0837824
559 0.0830565
560 0.0834005
561 0.0836433
562 0.0837284
563 0.083268
564 0.0833993
565 0.0836865
566 0.0838941
567 0.0836407
568 0.0831596
569 0.0832964
570 0.0836312
571 0.0836275
572 0.0837874
573 0.0836276
574 0.0837517
575 0.0837789
576 0.0837561
577 0.0830477
578 0.0841743
579 0.0836728
580 0.0834313
581 0.0836997
582 0.0834152
583 0.0836047
584 0.0836655
585 0.083859
586 0.0834347
587 0.0830221
588 0.0839755
589 0.0831839
590 0.0840823
591 0.0836198
592 0.0833595
593 0.0837784
594 0.0832855
595 0.0833596
596 0.0832796
597 0.0839946
598 0.0831878
599 0.0838161
600 0.083404
600 0.0183333
601 0.0842262
602 0.0835999
603 0.0841081
604 0.0837329
605 0.0838138
606 0.0833394
607 0.0830989
608 0.0834692
609 0.0832322
610 0.083789
611 0.0834126
612 0.0829987
613 0.0834165
614 0.0835816
615 0.084098
616 0.0833485
617 0.0838125
618 0.0836165
619 0.0836346
620 0.0835173
621 0.0830903
622 0.0836464
623 0.0837646
624 0.0828285
625 0.0838008
626 0.0835248
627 0.0830923
628 0.0834685
629 0.0832031
630 0.0830252
631 0.0839012
632 0.0839894
633 0.0834337
634 0.0829776
635 0.0832433
636 0.0832883
637 0.0836531
638 0.0832702
639 0.0831853
640 0.0835714
641 0.0832126
642 0.0836203
643 0.083243
644 0.0834297
645 0.0836817
646 0.0835693
647 0.0830844
648 0.0837554
649 0.0833531
650 0.083322
651 0.0833829
652 0.0836722
653 0.0834883
654 0.0835
655 0.0835513
656 0.0836942
657 0.0837487
658 0.0830031
659 0.0833309
660 0.0836571
661 0.0838855
662 0.0835014
663 0.0838083
664 0.0835151
665 0.0838987
666 0.0836135
667 0.083424
668 0.0834725
669 0.0835022
670 0.083641
671 0.0833689
672 0.0831206
673 0.0834726
674 0.0835482
675 0.0835053
676 0.0835982
677 0.0833618
678 0.0835919
679 0.083679
680 0.0832597
681 0.083659
682 0.0834847
683 0.0835669
684 0.0832452
685 0.0835431
686 0.0838303
687 0.0834004
688 0.0835791
689 0.0832869
690 0.0834578
691 0.0835206
692 0.0836118
693 0.0830927
694 0.0832082
695 0.0830839
696 0.0831217
697 0.0833428
698 0.0833959
699 0.0832407
700 0.0832511
700 0.02
701 0.0836966
702 0.0839314
703 0.0836292
704 0.0834276
705 0.0835418
706 0.0830088
707 0.0830463
708 0.0833198
709 0.0835553
710 0.0833902
711 0.0830274
712 0.0836629
713 0.0837683
714 0.0839034
715 0.0835747
716 0.0834374
717 0.08361
718 0.0835344
719 0.0833112
720 0.0835787
721 0.0836477
722 0.08367
723 0.083108
724 0.0835096
725 0.083266
726 0.0836704
727 0.0838877
728 0.0833228
729 0.0829301
730 0.0829162
731 0.0834145
732 0.0834919
733 0.0835241
734 0.0833354
735 0.0839575
736 0.0833402
737 0.08379
738 0.0829752
739 0.0840772
740 0.0832485
741 0.0835312
742 0.083708
743 0.0837831
744 0.0837347
745 0.0839871
746 0.0830048
747 0.0832017
748 0.0832223
749 0.0830222
750 0.0831397
751 0.0834404
752 0.0835245
753 0.0835477
754 0.0832694
755 0.0831458
756 0.084012
757 0.0835103
758 0.0830035
759 0.0836703
760 0.0834462
761 0.083362
762 0.0836356
763 0.0836229
764 0.0832154
765 0.0830737
766 0.0836091
767 0.0830383
768 0.0835021
769 0.0833485
770 0.0832667
771 0.0831534
772 0.0833906
773 0.0834711
774 0.0830219
775 0.0828016
776 0.0836726
777 0.0836921
778 0.0833522
779 0.0836785
780 0.0836167
781 0.0835668
782 0.083242
783 0.0833172
784 0.0832395
785 0.0834867
786 0.0835508
787 0.08379
788 0.0828378
789 0.0832825
790 0.0833708
791 0.0831481
792 0.0831641
793 0.0835913
794 0.0833101
795 0.0834589
796 0.0836119
797 0.0835642
798 0.083313
799 0.0835827
800 0.0838102
800 0.0133333
801 0.0835738
802 0.0831006
803 0.0833008
804 0.0834766
805 0.0836637
806 0.0832243
807 0.0834808
808 0.0833094
809 0.0832547
810 0.083062
811 0.0835242
812 0.0832001
813 0.0830218
814 0.0839759
815 0.0832271
816 0.0832786
817 0.0830013
818 0.0832698
819 0.0836688
820 0.0830311
821 0.0832259
822 0.0836357
823 0.0831958
824 0.0836821
825 0.0833345
826 0.0835746
827 0.0836825
828 0.0835202
829 0.0832479
830 0.083234
831 0.083321
832 0.0829854
833 0.0830348
834 0.0832038
835 0.0831502
836 0.0832842
837 0.0832554
838 0.0831736
839 0.0834164
840 0.0832307
841 0.0834968
842 0.0833489
843 0.0832841
844 0.083062
845 0.0835793
846 0.0830293
847 0.0837017
848 0.0836411
849 0.0831487
850 0.0837491
851 0.0833941
852 0.0833854
853 0.0833772
854 0.0833825
855 0.0833132
856 0.0833254
857 0.0833859
858 0.0831303
859 0.0834558
860 0.0832364
861 0.0832416
862 0.0832185
863 0.0834781
864 0.0837928
865 0.0832151
866 0.0833893
867 0.0836628
868 0.0831776
869 0.0834804
870 0.0833779
871 0.0832623
872 0.0832326
873 0.0830719
874 0.0834195
875 0.0831459
876 0.083308
877 0.0833068
878 0.083268
879 0.0831847
880 0.0828696
881 0.083353
882 0.0833211
883 0.0833013
884 0.0833087
885 0.0834318
886 0.0827776
887 0.0832193
888 0.0833553
889 0.0834107
890 0.0839515
891 0.0837162
892 0.0836852
893 0.0833046
894 0.0838586
895 0.0833348
896 0.0829708
897 0.0834556
898 0.0833429
899 0.0835103
900 0.0836035
900 0.0216667
901 0.083265
902 0.083446
903 0.0833408
904 0.0834445
905 0.0831738
906 0.0832439
907 0.0834251
908 0.0834407
909 0.0836976
910 0.0833192
911 0.0831657
912 0.083339
913 0.0831746
914 0.0831308
915 0.0833496
916 0.0834037
917 0.0835929
918 0.0829366
919 0.0831094
920 0.0833486
921 0.0835549
922 0.0830489
923 0.0833733
924 0.0832143
925 0.0831911
926 0.0827704
927 0.0834539
928 0.0831753
929 0.0834722
930 0.0835774
931 0.0833241
932 0.0830936
933 0.0833
934 0.0833561
935 0.0832301
936 0.0834006
937 0.083487
938 0.0832629
939 0.0832885
940 0.0834594
941 0.0830843
942 0.0835442
943 0.0833336
944 0.083381
945 0.0833233
946 0.0831734
947 0.0830889
948 0.0831792
949 0.0832691
950 0.0832446
951 0.0833733
952 0.0831372
953 0.0834234
954 0.0830884
955 0.0832528
956 0.0833128
957 0.0828817
958 0.0833499
959 0.0833257
960 0.0836745
961 0.0834048
962 0.0826736
963 0.0835505
964 0.0835943
965 0.0833707
966 0.0831483
967 0.0829514
968 0.0835142
969 0.0833017
970 0.0831577
971 0.0832382
972 0.0831441
973 0.0831722
974 0.0837214
975 0.0834118
976 0.0836358
977 0.0827517
978 0.083238
979 0.0831911
980 0.0833268
981 0.083214
982 0.0834438
983 0.0828579
984 0.0831152
985 0.0828949
986 0.0837506
987 0.0833616
988 0.0832425
989 0.0836326
990 0.0829656
991 0.0832107
992 0.0832246
993 0.0831899
994 0.083325
995 0.0831859
996 0.0832762
997 0.0833496
998 0.0831836
999 0.0830209
1000 0.0824963
1000 0.0166667
1001 0.0829468
1002 0.0827813
1003 0.0828907
1004 0.0830089
1005 0.0831347
1006 0.0827424
1007 0.0831562
1008 0.0829783
1009 0.0832339
1010 0.0829526
1011 0.083291
1012 0.0829911
1013 0.0831964
1014 0.0831025
1015 0.0831719
1016 0.0830026
1017 0.0831728
1018 0.0837402
1019 0.0829488
1020 0.0832679
1021 0.0827548
1022 0.0835464
1023 0.0830668
1024 0.0830104
1025 0.0829117
1026 0.0832564
1027 0.0829757
1028 0.0830146
1029 0.0826249
1030 0.0831405
1031 0.0831109
1032 0.0830212
1033 0.0833162
1034 0.0827292
1035 0.0828128
1036 0.0821967
1037 0.0829509
1038 0.0827491
1039 0.0825451
1040 0.0831354
1041 0.0827471
1042 0.0825473
1043 0.0829401
1044 0.0826095
1045 0.0829146
1046 0.0825479
1047 0.0823766
1048 0.0828137
1049 0.0832089
1050 0.0835314
1051 0.082346
1052 0.0824604
1053 0.0821764
1054 0.0825283
1055 0.0820146
1056 0.0822532
1057 0.0821964
1058 0.0819242
1059 0.0821627
1060 0.0816567
1061 0.0822555
1062 0.0819762
1063 0.0822454
1064 0.0811335
1065 0.0818343
1066 0.0816288
1067 0.0818094
1068 0.0827706
1069 0.0819912
1070 0.0821042
1071 0.0815493
1072 0.0812881
1073 0.0820275
1074 0.0812071
1075 0.0811746
1076 0.0815534
1077 0.0808269
1078 0.0814522
1079 0.0825466
1080 0.080786
1081 0.0813785
1082 0.0820107
1083 0.0809641
1084 0.0816822
1085 0.0815134
1086 0.0806915
1087 0.0809735
1088 0.0818366
1089 0.0815334
1090 0.0822429
1091 0.0810366
1092 0.0813691
1093 0.0811443
1094 0.0819259
1095 0.0818176
1096 0.0800878
1097 0.0804357
1098 0.0806146
1099 0.0802425
1100 0.0799291
1100 0.065
1101 0.0806515
1102 0.0806441
1103 0.0797406
1104 0.0800912
1105 0.0798312
1106 0.0803682
1107 0.0798793
1108 0.0793912
1109 0.0797485
1110 0.0789357
1111 0.0796546
1112 0.0792502
1113 0.0791238
1114 0.0789475
1115 0.0793002
1116 0.0795781
1117 0.0790453
1118 0.0780706
1119 0.0788517
1120 0.0784449
1121 0.0777581
1122 0.077679
1123 0.0783986
1124 0.0779026
1125 0.0777066
1126 0.078657
1127 0.0786196
1128 0.0772229
1129 0.0790444
1130 0.0775757
1131 0.0789031
1132 0.0794029
1133 0.0774937
1134 0.0784439
1135 0.0776713
1136 0.0780991
1137 0.0788699
1138 0.0777239
1139 0.0770315
1140 0.07815
1141 0.0784577
1142 0.0776443
1143 0.0778536
1144 0.0780198
1145 0.0773574
1146 0.0774623
1147 0.076922
1148 0.0764698
1149 0.0772158
1150 0.0774062
1151 0.0765359
1152 0.0759217
1153 0.0756152
1154 0.0767189
1155 0.0767106
1156 0.0761873
1157 0.0768918
1158 0.0754537
1159 0.075697
1160 0.0765002
验证码图像channel: (25, 96, 3)
验证码文本最长字符数 6
Traceback (most recent call last):
  File "train.py", line 196, in <module>
    train_crack_captcha_cnn()
  File "train.py", line 163, in train_crack_captcha_cnn
    loss = tf.reduce_mean(tf.nn.softmax_cross_entropy_with_logits(output, Y))
  File "/usr/local/lib/python3.5/dist-packages/tensorflow/python/ops/nn_ops.py", line 1578, in softmax_cross_entropy_with_logits
    labels, logits)
  File "/usr/local/lib/python3.5/dist-packages/tensorflow/python/ops/nn_ops.py", line 1533, in _ensure_xent_args
    "named arguments (labels=..., logits=..., ...)" % name)
ValueError: Only call `softmax_cross_entropy_with_logits` with named arguments (labels=..., logits=..., ...)
验证码图像channel: (25, 96, 3)
验证码文本最长字符数 6
Traceback (most recent call last):
  File "train.py", line 196, in <module>
    train_crack_captcha_cnn()
  File "train.py", line 163, in train_crack_captcha_cnn
    loss = tf.reduce_mean(tf.nn.softmax_cross_entropy_with_logits(output, Y))
  File "/usr/local/lib/python3.5/dist-packages/tensorflow/python/ops/nn_ops.py", line 1578, in softmax_cross_entropy_with_logits
    labels, logits)
  File "/usr/local/lib/python3.5/dist-packages/tensorflow/python/ops/nn_ops.py", line 1533, in _ensure_xent_args
    "named arguments (labels=..., logits=..., ...)" % name)
ValueError: Only call `softmax_cross_entropy_with_logits` with named arguments (labels=..., logits=..., ...)
验证码图像channel: (25, 96, 3)
验证码文本最长字符数 6
Traceback (most recent call last):
  File "train.py", line 196, in <module>
    train_crack_captcha_cnn()
  File "train.py", line 163, in train_crack_captcha_cnn
    loss = tf.reduce_mean(tf.nn.softmax_cross_entropy_with_logits(output, Y))
  File "/usr/local/lib/python3.5/dist-packages/tensorflow/python/ops/nn_ops.py", line 1578, in softmax_cross_entropy_with_logits
    labels, logits)
  File "/usr/local/lib/python3.5/dist-packages/tensorflow/python/ops/nn_ops.py", line 1533, in _ensure_xent_args
    "named arguments (labels=..., logits=..., ...)" % name)
ValueError: Only call `softmax_cross_entropy_with_logits` with named arguments (labels=..., logits=..., ...)
验证码图像channel: (25, 96, 3)
验证码文本最长字符数 6
0
0 0.69606
0 0.0151367
1 0.492211
2 0.0919025
3 0.249341
4 0.231963
5 0.141979
6 0.0864777
7 0.130738
8 0.146076
9 0.102511
10 0.0857873
11 0.103116
12 0.118514
13 0.11896
14 0.106304
15 0.090732
16 0.0859947
17 0.0961057
18 0.104567
19 0.0972651
20 0.0862755
21 0.0851123
22 0.090493
23 0.0947759
24 0.0934934
25 0.089354
26 0.0851257
27 0.08557
28 0.0892402
29 0.0904526
30 0.0876568
31 0.0844306
32 0.0846318
33 0.0864775
34 0.0873349
35 0.0863795
36 0.0847623
37 0.0839485
38 0.0850373
39 0.0862125
40 0.0856882
41 0.084447
42 0.0838231
43 0.0844581
44 0.0850906
45 0.0847409
46 0.084018
47 0.083719
48 0.0842787
49 0.0845491
50 0.08416
51 0.0837865
52 0.0837079
53 0.084115
54 0.08408
55 0.0837452
56 0.0837682
57 0.0837348
58 0.0838685
59 0.0838975
60 0.0836901
61 0.0836568
62 0.0836359
63 0.0838707
64 0.0837867
65 0.0836138
66 0.0837061
67 0.0836566
68 0.0835974
69 0.0835188
70 0.0836158
71 0.0836385
72 0.0837134
73 0.0835886
74 0.0836267
75 0.0834888
76 0.0836042
77 0.0836166
78 0.0835316
79 0.0836089
80 0.0836239
81 0.0836067
82 0.0834635
83 0.0834627
84 0.0834516
85 0.0835267
86 0.0834683
87 0.083549
88 0.0835998
89 0.0833758
90 0.0834949
91 0.0835403
92 0.0834581
93 0.0835579
94 0.0834087
95 0.0834552
96 0.0836543
97 0.0833645
98 0.0834521
99 0.0833355
100 0.0834938
100 0.0172526
101 0.0835011
102 0.0834868
103 0.0834798
104 0.0833993
105 0.0833271
106 0.0833436
107 0.0833462
108 0.0833737
109 0.0834661
110 0.0834391
111 0.0834507
112 0.0835062
113 0.083398
114 0.0834694
115 0.0833939
116 0.0835119
117 0.083392
118 0.083466
119 0.0834446
120 0.0833625
121 0.0833694
122 0.0833625
123 0.0834104
124 0.0833717
125 0.0833933
126 0.0833809
127 0.0833406
128 0.0833794
129 0.0833122
130 0.0833616
131 0.0833738
132 0.083317
133 0.0833758
134 0.0833508
135 0.0834126
136 0.083259
137 0.083353
138 0.083356
139 0.0834787
140 0.0833481
141 0.0833394
142 0.0833398
143 0.0834128
144 0.0834055
145 0.083457
146 0.0833396
147 0.0832913
148 0.0833776
149 0.0833886
150 0.0832995
151 0.0833045
152 0.0832802
153 0.0834591
154 0.0833436
155 0.0833512
156 0.0834047
157 0.0833553
158 0.0833325
159 0.0832555
160 0.0833348
161 0.0832519
162 0.0833708
163 0.0832594
164 0.0833263
165 0.0832591
166 0.0832827
167 0.08331
168 0.083188
169 0.0832957
170 0.0832421
171 0.0832462
172 0.0833702
173 0.0832205
174 0.0833125
175 0.0832955
176 0.0832233
177 0.0832853
178 0.0832587
179 0.0831998
180 0.0833039
181 0.0831792
182 0.0833317
183 0.0831723
184 0.0833183
185 0.0831435
186 0.0833333
187 0.0832839
188 0.0832738
189 0.0832596
190 0.0832601
191 0.0832365
192 0.0832855
193 0.0832273
194 0.0832954
195 0.0832582
196 0.0831806
197 0.0832369
198 0.0832154
199 0.0832039
200 0.0831341
200 0.0148112
201 0.0831441
202 0.0832576
203 0.0832515
204 0.0832171
205 0.0832196
206 0.0832016
207 0.0831856
208 0.0832162
209 0.0831912
210 0.0832368
211 0.0832594
212 0.083193
213 0.0832252
214 0.0831736
215 0.0831497
216 0.0832514
217 0.0831806
218 0.083222
219 0.0832578
220 0.0831405
221 0.0832371
222 0.0831444
223 0.083189
224 0.0831337
225 0.0831682
226 0.0832252
227 0.083242
228 0.0831953
229 0.0832292
230 0.0832083
231 0.0832296
232 0.0832041
233 0.0831582
234 0.0831552
235 0.0831788
236 0.0831485
237 0.0830813
238 0.0832032
239 0.0831318
240 0.0831423
241 0.0832323
242 0.0832034
243 0.0831039
244 0.0832189
245 0.0832112
246 0.0831204
247 0.0831691
248 0.0831713
249 0.0831946
250 0.0831316
251 0.0831471
252 0.0830878
253 0.0832129
254 0.0831193
255 0.083128
256 0.0830832
257 0.0831823
258 0.083206
259 0.0830418
260 0.0831576
261 0.0830935
262 0.0830644
263 0.0830457
264 0.0830873
265 0.0831476
266 0.0832235
267 0.0832279
268 0.0831505
269 0.083188
270 0.0830856
271 0.0831532
272 0.0831556
273 0.0830815
274 0.0830634
275 0.0831
276 0.0831706
277 0.083181
278 0.0831738
279 0.0830939
280 0.0831595
281 0.0830886
282 0.0831009
283 0.0830979
284 0.0830633
285 0.0831565
286 0.0831646
287 0.0831847
288 0.0831246
289 0.0831237
290 0.08318
291 0.0831698
292 0.083163
293 0.0831144
294 0.083095
295 0.0831917
296 0.0831105
297 0.0831374
298 0.0831282
299 0.0831224
300 0.0830919
300 0.0170898
301 0.0830945
302 0.0831203
303 0.0831245
304 0.0831635
305 0.0830609
306 0.0830755
307 0.0830593
308 0.0830445
309 0.0831112
310 0.0830443
311 0.0830999
312 0.0830867
313 0.0830912
314 0.0831696
315 0.0831388
316 0.0830452
317 0.0829812
318 0.0831166
319 0.0830838
320 0.0830715
321 0.0831544
322 0.0830897
323 0.0830476
324 0.0830134
325 0.0830854
326 0.0830072
327 0.0831033
328 0.0830502
329 0.0830415
330 0.0830374
331 0.0830298
332 0.0831263
333 0.0830741
334 0.0831634
335 0.0831035
336 0.0830458
337 0.0830623
338 0.0830425
339 0.0830683
340 0.0830536
341 0.0830703
342 0.0831045
343 0.083094
344 0.0831316
345 0.0831061
346 0.0831197
347 0.0830332
348 0.0830149
349 0.0830318
350 0.0830688
351 0.083105
352 0.0830646
353 0.0830365
354 0.0831065
355 0.0831754
356 0.0830638
357 0.0830464
358 0.0830583
359 0.0830493
360 0.0831068
361 0.0830644
362 0.0831116
363 0.0830191
364 0.0830252
365 0.0830351
366 0.0831761
367 0.0831103
368 0.0830952
369 0.083054
370 0.0830473
371 0.0829994
372 0.083019
373 0.0831303
374 0.0830158
375 0.0829947
376 0.082984
377 0.0830918
378 0.0830076
379 0.0830538
380 0.0829706
381 0.0830675
382 0.0830119
383 0.0830344
384 0.0830259
385 0.0830605
386 0.083028
387 0.0831176
388 0.0831105
389 0.083089
390 0.0830465
391 0.0830064
392 0.083029
393 0.0831032
394 0.083042
395 0.0829556
396 0.0830555
397 0.0830489
398 0.0829844
399 0.0830108
400 0.0829462
400 0.0154622
401 0.082992
402 0.0830665
403 0.0830108
404 0.083065
405 0.0829829
406 0.0830396
407 0.0830638
408 0.0830083
409 0.0830292
410 0.0829779
411 0.0830275
412 0.083039
413 0.0830289
414 0.0830589
415 0.0829746
416 0.0830734
417 0.0829914
418 0.0829833
419 0.0830014
420 0.0830065
421 0.0830632
422 0.0830161
423 0.0830004
424 0.0829866
425 0.0830871
426 0.0830242
427 0.0830039
428 0.0830398
429 0.0830258
430 0.0830154
431 0.0829473
432 0.0830325
433 0.0830146
434 0.0829825
435 0.0829654
436 0.0830542
437 0.0830856
438 0.0829988
439 0.0830473
440 0.0829864
441 0.0831203
442 0.0830593
443 0.0830582
444 0.0830369
445 0.0830756
446 0.0831485
447 0.0829321
448 0.0829878
449 0.0830652
450 0.0830994
451 0.08297
452 0.0830307
453 0.0829604
454 0.0830105
455 0.0829916
456 0.0829819
457 0.083017
458 0.0830017
459 0.0829694
460 0.0830142
461 0.0829799
462 0.083023
463 0.0829781
464 0.0830068
465 0.0829811
466 0.0829544
467 0.0829612
468 0.0829512
469 0.0830881
470 0.0830133
471 0.0829751
472 0.082972
473 0.0830145
474 0.082939
475 0.0829654
476 0.0830896
477 0.082997
478 0.0829747
479 0.0830429
480 0.0829458
481 0.082904
482 0.0829227
483 0.0829438
484 0.0830174
485 0.0830205
486 0.0829637
487 0.0830032
488 0.0830238
489 0.0830388
490 0.0829908
491 0.0829778
492 0.082926
493 0.0829887
494 0.0829184
495 0.0830261
496 0.0829674
497 0.0829038
498 0.0829592
499 0.0829265
500 0.083
500 0.0192057
501 0.0830452
502 0.0830529
503 0.0829853
504 0.08297
505 0.0829988
506 0.0829795
507 0.0829857
508 0.0829947
509 0.0829763
510 0.0830292
511 0.0829336
512 0.0830685
513 0.0830152
514 0.0829461
515 0.0830167
516 0.0829339
517 0.0829748
518 0.0830076
519 0.0830544
520 0.082999
521 0.0830551
522 0.082988
523 0.0829292
524 0.0829864
525 0.0829497
526 0.0829839
527 0.082955
528 0.0830318
529 0.0829709
530 0.0830433
531 0.0830575
532 0.0829922
533 0.0830129
534 0.0829811
535 0.0830074
536 0.0829105
537 0.0830977
538 0.082941
539 0.0830224
540 0.0828866
541 0.0829507
542 0.0829343
543 0.082947
544 0.0829906
545 0.0830106
546 0.0829632
547 0.0829699
548 0.0830105
549 0.082924
550 0.0829058
551 0.0829769
552 0.082915
553 0.0829855
554 0.0830284
555 0.0830201
556 0.0829798
557 0.0829933
558 0.0829291
559 0.0829602
560 0.0829498
561 0.0829082
562 0.0829406
563 0.0829787
564 0.0829579
565 0.0829968
566 0.0830029
567 0.0829475
568 0.0829202
569 0.0830348
570 0.0829788
571 0.0829638
572 0.0829368
573 0.0829298
574 0.0829416
575 0.0829284
576 0.0829281
577 0.0829824
578 0.0829832
579 0.0830105
580 0.0829786
581 0.0829795
582 0.082924
583 0.0829189
584 0.0829368
585 0.0829539
586 0.0829645
587 0.0829899
588 0.0829445
589 0.0829142
590 0.0829589
591 0.0829378
592 0.0829377
593 0.0829882
594 0.0830071
595 0.0829364
596 0.0829029
597 0.0829154
598 0.0829524
599 0.0829278
600 0.0829609
600 0.0175781
601 0.0829647
602 0.0829382
603 0.0829721
604 0.0829699
605 0.0829706
606 0.0829812
607 0.0829487
608 0.0829066
609 0.0829566
610 0.0828882
611 0.0829411
612 0.082928
613 0.0829366
614 0.0829591
615 0.0829487
616 0.0829394
617 0.0829139
618 0.0829477
619 0.08292
620 0.0829814
621 0.0829782
622 0.0829546
623 0.0829824
624 0.0829993
625 0.0829345
626 0.0829984
627 0.0829415
628 0.0829126
629 0.0829304
630 0.082882
631 0.0828934
632 0.0829553
633 0.0829519
634 0.0829122
635 0.0829721
636 0.082928
637 0.0829785
638 0.0829041
639 0.0829742
640 0.0829463
641 0.0829505
642 0.0828713
643 0.0829508
644 0.0829346
645 0.0829798
646 0.0828952
647 0.0829692
648 0.0829173
649 0.0828918
650 0.0829469
651 0.0829695
652 0.0829276
653 0.0829564
654 0.0829595
655 0.0829094
656 0.0829151
657 0.0830073
658 0.0829048
659 0.0829008
660 0.0829339
661 0.0829101
662 0.0829083
663 0.0828851
664 0.0829015
665 0.0829006
666 0.0829498
667 0.0828881
668 0.0829196
669 0.082931
670 0.0828787
671 0.0829206
672 0.0829656
673 0.0829122
674 0.0828878
675 0.0829203
676 0.0828834
677 0.0828642
678 0.0829143
679 0.0829122
680 0.0829913
681 0.0828931
682 0.0829494
683 0.0829108
684 0.082916
685 0.0828866
686 0.0829505
687 0.082959
688 0.0829748
689 0.082943
690 0.0829753
691 0.0829347
692 0.0828771
693 0.0829431
694 0.0828684
695 0.0828795
696 0.0828536
697 0.0828799
698 0.0829087
699 0.0829985
700 0.0829391
700 0.0159505
701 0.0829596
702 0.0829885
703 0.0829003
704 0.0829183
705 0.0829029
706 0.0829221
707 0.0829693
708 0.0828467
709 0.0829637
710 0.0829476
711 0.0829503
712 0.0829439
713 0.0829919
714 0.0828348
715 0.0828932
716 0.0829301
717 0.0828971
718 0.0829336
719 0.0828909
720 0.0828949
721 0.0829234
722 0.0828931
723 0.0829813
724 0.0829414
725 0.0829976
726 0.0828866
727 0.0829198
728 0.0829506
729 0.0829384
730 0.0829141
731 0.0828884
732 0.0829744
733 0.0829181
734 0.0829153
735 0.0829026
736 0.0828915
737 0.0829391
738 0.0829012
739 0.0829323
740 0.0828196
741 0.0828741
742 0.0829624
743 0.0829306
744 0.0828613
745 0.0828885
746 0.0829079
747 0.0829174
748 0.0829757
749 0.0829522
750 0.0829239
751 0.0828917
752 0.0828743
753 0.0828498
754 0.0828379
755 0.0829021
756 0.082853
757 0.0829303
758 0.0828816
759 0.0828845
760 0.0828473
761 0.082877
762 0.0828838
763 0.0830461
764 0.083499
765 0.0835326
766 0.0829047
767 0.0833091
768 0.0830433
769 0.0831042
770 0.0830985
771 0.0829633
772 0.0830977
773 0.0829728
774 0.0831703
775 0.0829023
776 0.0831032
777 0.0829092
778 0.0830249
779 0.0829687
780 0.0828884
781 0.0830101
782 0.0829278
783 0.082994
784 0.0829089
785 0.0830077
786 0.0829106
787 0.0828767
788 0.0828866
789 0.0829263
790 0.0829161
791 0.0828692
792 0.0829675
793 0.0828611
794 0.0828733
795 0.082867
796 0.0829031
797 0.0829083
798 0.0829331
799 0.0828722
800 0.0828737
800 0.0179036
801 0.082886
802 0.0828803
803 0.0828627
804 0.0829087
805 0.0829402
806 0.0829091
807 0.0828975
808 0.0828593
809 0.0828682
810 0.0828938
811 0.0829211
812 0.0828727
813 0.0828592
814 0.0828922
815 0.0828822
816 0.0829081
817 0.0828148
818 0.0828627
819 0.0828503
820 0.0828417
821 0.0828836
822 0.0828656
823 0.0828626
824 0.0828318
825 0.0828422
826 0.082859
827 0.0829016
828 0.0828828
829 0.0828278
830 0.0828289
831 0.0827952
832 0.0828322
833 0.082793
834 0.0828371
835 0.0828402
836 0.0828199
837 0.0828443
838 0.0828107
839 0.0828525
840 0.0829207
841 0.0834378
842 0.0839621
843 0.0834861
844 0.0827818
845 0.0834868
846 0.0829449
847 0.0832206
848 0.0830747
849 0.0829351
850 0.0831524
851 0.0829257
852 0.0831797
853 0.0828456
854 0.0832
855 0.0828572
856 0.0831737
857 0.082922
858 0.0829838
859 0.0829102
860 0.0827886
861 0.082954
862 0.0827475
863 0.0828819
864 0.0827019
865 0.082856
866 0.0827184
867 0.0827779
868 0.0826956
869 0.0826723
870 0.0827184
871 0.0826055
872 0.082565
873 0.0826718
874 0.0826028
875 0.0825398
876 0.0826011
877 0.0824479
878 0.0826992
879 0.0835198
880 0.0864379
881 0.0842968
882 0.0825971
883 0.0841758
884 0.0828548
885 0.0839811
886 0.0828009
887 0.083789
888 0.0828703
889 0.0834577
890 0.0828609
891 0.0832629
892 0.082943
893 0.0830555
894 0.0829247
895 0.0829033
896 0.0828671
897 0.082855
898 0.0827963
899 0.0827379
900 0.0826313
900 0.0245768
901 0.0826402
902 0.0825521
903 0.0825441
904 0.0823338
905 0.0823131
906 0.0821983
907 0.0820585
908 0.0822169
909 0.0820204
910 0.0820372
911 0.0822542
912 0.0821673
913 0.0819373
914 0.0818505
915 0.0816779
916 0.0816635
917 0.0817649
918 0.0816277
919 0.0814566
920 0.0816065
921 0.0816792
922 0.0823618
923 0.0849598
924 0.0895084
925 0.0839491
926 0.0882853
927 0.0948291
928 0.0835909
929 0.0896125
930 0.0884469
931 0.0844054
932 0.0871712
933 0.0835179
934 0.0861174
935 0.0842055
936 0.0845975
937 0.0845524
938 0.0835711
939 0.0847911
940 0.0830614
941 0.0840556
942 0.0833109
943 0.083265
944 0.0837141
945 0.0828938
946 0.0834398
947 0.0833315
948 0.0830383
949 0.0834629
950 0.0830248
951 0.0831082
952 0.0832418
953 0.0829479
954 0.0831094
955 0.0831474
956 0.0828569
957 0.08303
958 0.0830325
959 0.0829689
960 0.0830278
961 0.0829835
962 0.0828867
963 0.0830021
964 0.0829736
965 0.082936
966 0.0829442
967 0.0828837
968 0.0828696
969 0.0828736
970 0.0828385
971 0.0827956
972 0.0829242
973 0.0828919
974 0.0828606
975 0.0828307
976 0.0828812
977 0.0828721
978 0.0828923
979 0.0828626
980 0.0827823
981 0.0829021
982 0.0828393
983 0.082785
984 0.0827838
985 0.0827415
986 0.0827457
987 0.0828306
988 0.082755
989 0.082831
990 0.082772
991 0.0827831
992 0.0827228
993 0.082747
994 0.0826619
995 0.082635
996 0.0826574
997 0.0825547
998 0.0825961
999 0.082565
1000 0.0824723
1000 0.0265299
1001 0.0825637
1002 0.0824527
1003 0.082491
1004 0.0824369
1005 0.0823457
1006 0.0822717
1007 0.0822302
1008 0.0821435
1009 0.0821249
1010 0.0821058
1011 0.0819764
1012 0.0819686
1013 0.0819714
1014 0.0819488
1015 0.0818527
1016 0.0817688
1017 0.0816199
1018 0.0814809
1019 0.0814992
1020 0.0814011
1021 0.0815556
1022 0.0819076
1023 0.0832119
1024 0.0828491
1025 0.0821786
1026 0.0813991
1027 0.0813514
1028 0.0815026
1029 0.0813771
1030 0.0810594
1031 0.081115
1032 0.081038
1033 0.0809165
1034 0.0810411
1035 0.080925
1036 0.0807271
1037 0.0807369
1038 0.0806782
1039 0.0805551
1040 0.0805603
1041 0.0803671
1042 0.0804556
1043 0.0802883
1044 0.0801449
1045 0.0799697
1046 0.0799995
1047 0.0801475
1048 0.0802917
1049 0.0803317
1050 0.0806408
1051 0.0804095
1052 0.0805084
1053 0.0795791
1054 0.0790956
1055 0.0794812
1056 0.079511
1057 0.0792276
1058 0.0789287
1059 0.0786887
1060 0.0790202
1061 0.0786931
1062 0.0781033
1063 0.0781146
1064 0.0783018
1065 0.0786661
1066 0.0784273
1067 0.0777473
1068 0.0773366
1069 0.0772734
1070 0.0775812
1071 0.0778444
1072 0.0782563
1073 0.0779157
1074 0.0776261
1075 0.0766413
1076 0.0762519
1077 0.076642
1078 0.0767459
1079 0.0767324
1080 0.0760155
1081 0.075948
1082 0.0754969
1083 0.0757845
1084 0.075579
1085 0.075796
1086 0.0753868
1087 0.0752307
1088 0.0749543
1089 0.0749118
1090 0.074937
1091 0.0758505
1092 0.0773227
1093 0.0780239
1094 0.0752327
1095 0.0749909
1096 0.076277
1097 0.0744165
1098 0.075118
1099 0.074246
1100 0.0745357
1100 0.119954
1101 0.0744862
1102 0.0743367
1103 0.0738841
1104 0.0744115
1105 0.0742738
1106 0.0735679
1107 0.0741523
1108 0.0736381
1109 0.0731427
1110 0.0738046
1111 0.0729985
1112 0.0731218
1113 0.0732496
1114 0.0724547
1115 0.0726001
1116 0.0725444
1117 0.0720665
1118 0.072249
1119 0.0720369
1120 0.0718222
1121 0.071804
1122 0.0718453
1123 0.0715148
1124 0.0715831
1125 0.0715109
1126 0.0712701
1127 0.0707985
1128 0.0710544
1129 0.0709158
1130 0.0709891
1131 0.0709622
1132 0.0706899
1133 0.0705046
1134 0.0705871
1135 0.070442
1136 0.0707843
1137 0.069983
1138 0.070112
1139 0.0704199
1140 0.0702659
1141 0.0701363
1142 0.0699707
1143 0.0696573
1144 0.069425
1145 0.069319
1146 0.0694821
1147 0.0694591
1148 0.0691473
1149 0.0693074
1150 0.0689467
1151 0.0689852
1152 0.0689537
1153 0.0692263
1154 0.0697953
1155 0.0693451
1156 0.0685437
1157 0.0684052
1158 0.0687133
1159 0.0686383
1160 0.0684445
1161 0.0681346
1162 0.0678438
1163 0.0679234
1164 0.0677581
1165 0.0673483
1166 0.067598
1167 0.0673921
1168 0.0674287
1169 0.0673852
1170 0.0675659
1171 0.0670722
1172 0.0668594
1173 0.0669989
1174 0.066802
1175 0.0670988
1176 0.0664008
1177 0.0668544
1178 0.0667066
1179 0.0667916
1180 0.0667349
1181 0.0667158
1182 0.0665461
1183 0.0660574
1184 0.0657337
1185 0.0659419
1186 0.0660208
1187 0.0660736
1188 0.0657508
1189 0.0655559
1190 0.0660248
1191 0.0657759
1192 0.0653561
1193 0.0654403
1194 0.0655374
1195 0.065233
1196 0.0650893
1197 0.0648782
1198 0.0648338
1199 0.0647739
1200 0.0647949
1200 0.285645
1201 0.0646094
1202 0.064764
1203 0.064499
1204 0.0644285
1205 0.0641281
1206 0.064379
1207 0.0641289
1208 0.0644924
1209 0.0636954
1210 0.0640174
1211 0.0637026
1212 0.0642959
1213 0.0641464
1214 0.0640289
1215 0.0639438
1216 0.063304
1217 0.0630464
1218 0.0628919
1219 0.062777
1220 0.0626316
1221 0.0631982
1222 0.0629854
1223 0.0626444
1224 0.0624751
1225 0.062562
1226 0.0624101
1227 0.0626823
1228 0.062275
1229 0.0626176
1230 0.062198
1231 0.0621927
1232 0.0621099
1233 0.0616295
1234 0.0617429
1235 0.0617929
1236 0.0615684
1237 0.0614809
1238 0.061792
1239 0.0610494
1240 0.0608564
1241 0.0606622
1242 0.0609609
1243 0.061154
1244 0.0613667
1245 0.0607559
1246 0.0609923
1247 0.0607519
1248 0.0606857
1249 0.060496
1250 0.0606305
1251 0.0610789
1252 0.0614164
1253 0.0622212
1254 0.0614053
1255 0.059776
1256 0.0600477
1257 0.0603393
1258 0.0606459
1259 0.0595294
1260 0.0597152
1261 0.0601414
1262 0.0600034
1263 0.059152
1264 0.0598872
1265 0.0596685
1266 0.0592159
1267 0.0594593
1268 0.0591699
1269 0.0589396
1270 0.0586861
1271 0.0587588
1272 0.0581893
1273 0.0584465
1274 0.0584175
1275 0.0583395
1276 0.0583051
1277 0.0579555
1278 0.0581096
1279 0.0582636
1280 0.0577372
1281 0.0574614
1282 0.0575541
1283 0.057181
1284 0.0574271
1285 0.0576261
1286 0.0578422
1287 0.0578218
1288 0.056958
1289 0.056919
1290 0.0570782
1291 0.056952
1292 0.0569992
1293 0.0569276
1294 0.0567845
1295 0.0567584
1296 0.05672
1297 0.0564431
1298 0.0560809
1299 0.0562095
1300 0.0566469
1300 0.446615
1301 0.0559561
1302 0.0555418
1303 0.0561165
1304 0.0560339
1305 0.0557518
1306 0.0559525
1307 0.0554252
1308 0.0558869
1309 0.0557302
1310 0.0552985
1311 0.0551942
1312 0.054893
1313 0.0556692
1314 0.0555467
1315 0.0551236
1316 0.0545676
1317 0.0548245
1318 0.0546752
1319 0.0541322
1320 0.0546041
1321 0.0548633
1322 0.0541658
1323 0.0545325
1324 0.0541216
1325 0.0543226
1326 0.0536715
1327 0.0541421
1328 0.0541927
1329 0.0533248
1330 0.0534286
1331 0.0535671
1332 0.053155
1333 0.0536564
1334 0.053658
1335 0.0531186
1336 0.0528611
1337 0.0540219
1338 0.0534105
1339 0.0532109
1340 0.0528825
1341 0.0526493
1342 0.0526792
1343 0.0526756
1344 0.0525895
1345 0.0524994
1346 0.0521752
1347 0.0520831
1348 0.0518322
1349 0.0521644
1350 0.051531
1351 0.0518126
1352 0.0513367
1353 0.051878
1354 0.0514581
1355 0.0515084
1356 0.0511347
1357 0.051013
1358 0.0515015
1359 0.0516559
1360 0.0514631
1361 0.0511831
1362 0.0513861
1363 0.0507034
1364 0.0508351
1365 0.0506597
1366 0.050879
1367 0.0506906
1368 0.0507668
1369 0.0505669
1370 0.0510057
1371 0.050418
1372 0.0509615
1373 0.050631
1374 0.0504046
1375 0.0502661
1376 0.0506621
1377 0.0499658
1378 0.0502378
1379 0.0498082
1380 0.0498279
1381 0.0498615
1382 0.0501626
1383 0.0495044
1384 0.0498193
1385 0.0499574
1386 0.0496306
1387 0.0495633
1388 0.0491191
1389 0.0493714
1390 0.049106
1391 0.0496597
1392 0.0492878
1393 0.0490365
1394 0.0491188
1395 0.0494024
1396 0.0487377
1397 0.0488221
1398 0.0487882
1399 0.0488666
1400 0.0490173
1400 0.5861
1401 0.0484156
1402 0.0484915
1403 0.0485622
1404 0.0487056
1405 0.0482596
1406 0.0487027
1407 0.0482883
1408 0.0476342
1409 0.0482918
1410 0.0480437
1411 0.0477863
1412 0.0470988
1413 0.0481551
1414 0.0475854
1415 0.0481734
1416 0.0477522
1417 0.0478445
1418 0.047592
1419 0.0468876
1420 0.0468328
1421 0.0467281
1422 0.0472327
1423 0.0472249
1424 0.0475637
1425 0.0469319
1426 0.0468386
1427 0.0470913
1428 0.0465307
1429 0.0466462
1430 0.0471523
1431 0.0458745
1432 0.0469092
1433 0.0467331
1434 0.0468722
1435 0.0461476
1436 0.046344
1437 0.0458709
1438 0.0462072
1439 0.0465826
1440 0.0460318
1441 0.0462465
1442 0.0463392
1443 0.0464039
1444 0.0453339
1445 0.0457486
1446 0.0458149
1447 0.04566
1448 0.045684
1449 0.045722
1450 0.0456541
1451 0.0451457
1452 0.0453566
1453 0.0453153
1454 0.045734
1455 0.0455615
1456 0.0454204
1457 0.0451368
1458 0.0453231
1459 0.0446942
1460 0.0448245
1461 0.0443054
1462 0.0452775
1463 0.0450976
1464 0.0445952
1465 0.0444156
1466 0.0449212
1467 0.0451494
1468 0.0445832
1469 0.0442398
1470 0.0447368
1471 0.0450784
1472 0.0446523
1473 0.0445725
1474 0.0441741
1475 0.0440598
1476 0.0438991
1477 0.0439691
1478 0.0437553
1479 0.0442539
1480 0.0437552
1481 0.0433757
1482 0.0443501
1483 0.0440824
1484 0.043268
1485 0.043743
1486 0.043832
1487 0.0439785
1488 0.0428643
1489 0.0440907
1490 0.0435421
1491 0.0430492
1492 0.0433052
1493 0.0432608
1494 0.0430949
1495 0.0440876
1496 0.0424277
1497 0.0426304
1498 0.0425358
1499 0.042422
1500 0.0426624
1500 0.675619
1501 0.042297
1502 0.0427369
1503 0.0417894
1504 0.0419526
1505 0.042506
1506 0.0421761
1507 0.0415767
1508 0.0420845
1509 0.0421357
1510 0.0423886
1511 0.0422379
1512 0.0426305
1513 0.0421695
1514 0.0417051
1515 0.0413866
1516 0.0408815
1517 0.0411044
1518 0.0424415
1519 0.0413861
1520 0.0420592
1521 0.0413236
1522 0.0418838
1523 0.0416614
1524 0.0409106
1525 0.0416568
1526 0.0411994
1527 0.0411325
1528 0.040802
1529 0.0416787
1530 0.0410425
1531 0.0408463
1532 0.0407301
1533 0.0413337
1534 0.0410859
1535 0.0399918
1536 0.0403092
1537 0.040342
1538 0.0403199
1539 0.0410968
1540 0.0408168
1541 0.0410054
1542 0.0407904
1543 0.0403309
1544 0.0404617
1545 0.0401426
1546 0.0404024
1547 0.0403021
1548 0.0397708
1549 0.0391255
1550 0.0403697
1551 0.0395729
1552 0.0403669
1553 0.0402124
1554 0.0395356
1555 0.0398432
1556 0.03901
1557 0.0397882
1558 0.0392025
1559 0.0401934
1560 0.0395654
1561 0.0391015
1562 0.039755
1563 0.0392845
1564 0.0395224
1565 0.0392143
1566 0.0391884
1567 0.0390108
1568 0.0388606
1569 0.0399776
1570 0.039162
1571 0.0388973
1572 0.0391975
1573 0.0389385
1574 0.0388209
1575 0.0392157
1576 0.0385052
1577 0.0390412
1578 0.0391863
1579 0.038781
1580 0.0386457
1581 0.0383542
1582 0.0393556
1583 0.0382727
1584 0.0386596
1585 0.0378906
1586 0.038319
1587 0.0384165
1588 0.0383312
1589 0.0381608
1590 0.037916
1591 0.0388891
1592 0.0381189
1593 0.0381038
1594 0.037805
1595 0.0373312
1596 0.0375247
1597 0.0379828
1598 0.0384412
1599 0.0381447
1600 0.0378902
1600 0.768555
1601 0.0372293
1602 0.037151
1603 0.0378505
1604 0.0377106
1605 0.0372728
1606 0.036822
1607 0.0376204
1608 0.0373573
1609 0.0375785
1610 0.0368915
1611 0.0376756
1612 0.0369591
1613 0.0379666
1614 0.0366524
1615 0.0372439
1616 0.0373304
1617 0.036248
1618 0.0368667
1619 0.0371088
1620 0.036586
1621 0.0370617
1622 0.0364307
1623 0.0369267
1624 0.0363232
1625 0.0369249
1626 0.036396
1627 0.0368868
1628 0.0365245
1629 0.0362397
1630 0.0362349
1631 0.0367108
1632 0.0355758
1633 0.0360273
1634 0.0363738
1635 0.0359842
1636 0.0362387
1637 0.035479
1638 0.0363347
1639 0.0358286
1640 0.0359832
1641 0.0365396
1642 0.0360611
1643 0.0360712
1644 0.0357447
1645 0.0361014
1646 0.0361213
1647 0.0355637
1648 0.035744
1649 0.0352377
1650 0.0352242
1651 0.0354071
1652 0.0354226
1653 0.0353283
1654 0.0350016
1655 0.0353809
1656 0.035161
1657 0.0360408
1658 0.0352718
1659 0.0360874
1660 0.0354212
1661 0.0348755
1662 0.0351576
1663 0.0351644
1664 0.0355135
1665 0.0352676
1666 0.0346299
1667 0.0350631
1668 0.0352283
1669 0.0353993
1670 0.0351744
1671 0.0349954
1672 0.0351228
1673 0.0349454
1674 0.0342686
1675 0.03383
1676 0.0352393
1677 0.0340489
1678 0.0345546
1679 0.0338348
1680 0.0344163
1681 0.0343051
1682 0.034528
1683 0.0344215
1684 0.0345381
1685 0.0344852
1686 0.0349943
1687 0.0343776
1688 0.0341323
1689 0.0345183
1690 0.0342024
1691 0.0340893
1692 0.0337229
1693 0.0341867
1694 0.033984
1695 0.0340463
1696 0.0340213
1697 0.0339029
1698 0.0342609
1699 0.0334884
1700 0.0338656
1700 0.819011
1701 0.0340999
1702 0.0339494
1703 0.0339051
1704 0.0332627
1705 0.0347086
1706 0.0335703
1707 0.0336132
1708 0.0330089
1709 0.0339114
1710 0.0333226
1711 0.0330414
1712 0.03361
1713 0.0329597
1714 0.0329757
1715 0.0331706
1716 0.0324527
1717 0.0331904
1718 0.032992
1719 0.0339103
1720 0.033018
1721 0.0330512
1722 0.0325724
1723 0.0322501
1724 0.0334418
1725 0.03312
1726 0.0322069
1727 0.0328437
1728 0.0322492
1729 0.0331122
1730 0.0327183
1731 0.0324081
1732 0.0331232
1733 0.0330388
1734 0.0327268
1735 0.0328317
1736 0.0321349
1737 0.0324393
1738 0.0320304
1739 0.0325434
1740 0.0316495
1741 0.0321361
1742 0.0326191
1743 0.0328007
1744 0.0325229
1745 0.0324048
1746 0.0324461
1747 0.0329824
1748 0.032294
1749 0.0328468
1750 0.0322342
1751 0.0325147
1752 0.0310202
1753 0.031815
1754 0.0319132
1755 0.0321394
1756 0.0319152
1757 0.0322682
1758 0.0314095
1759 0.031866
1760 0.0314275
1761 0.0312155
1762 0.031888
1763 0.0316786
1764 0.0315505
1765 0.0320981
1766 0.0319623
1767 0.0314826
1768 0.0317951
1769 0.0316156
1770 0.0315815
1771 0.0313265
1772 0.0312726
1773 0.0312841
1774 0.0315058
1775 0.0314428
1776 0.0312456
1777 0.0314307
1778 0.0321226
1779 0.0308738
1780 0.031204
1781 0.0313372
1782 0.0316507
1783 0.0311415
1784 0.0309102
1785 0.0309167
1786 0.0309065
1787 0.0315365
1788 0.0304621
1789 0.0307451
1790 0.0305117
1791 0.031091
1792 0.0301991
1793 0.0306406
1794 0.0307249
1795 0.030965
1796 0.0303277
1797 0.0308878
1798 0.0304748
1799 0.0311421
1800 0.0305061
1800 0.861979
1801 0.0302574
1802 0.0306081
1803 0.0305792
1804 0.0303511
1805 0.0303014
1806 0.030883
1807 0.0309252
1808 0.0303004
1809 0.0296192
1810 0.0303434
1811 0.0303602
1812 0.0299505
1813 0.030298
1814 0.0305052
1815 0.0305337
1816 0.0305634
1817 0.0302646
1818 0.0298612
1819 0.0301013
1820 0.0299736
1821 0.0304326
1822 0.0303931
1823 0.02986
1824 0.0301203
1825 0.0296364
1826 0.0293627
1827 0.030121
1828 0.0298271
1829 0.0296385
1830 0.0294843
1831 0.0302597
1832 0.0300574
1833 0.0299781
1834 0.0294736
1835 0.0297372
1836 0.0290923
1837 0.0303341
1838 0.0291935
1839 0.0294047
1840 0.0294123
1841 0.0298928
1842 0.0301461
1843 0.0289421
1844 0.0289403
1845 0.0298356
1846 0.0285398
1847 0.0298728
1848 0.0295908
1849 0.0292979
1850 0.0292441
1851 0.0290896
1852 0.0285954
1853 0.0290961
1854 0.0289716
1855 0.0295002
1856 0.0283425
1857 0.0289889
1858 0.0293587
1859 0.0290481
1860 0.029316
1861 0.0293359
1862 0.0289076
1863 0.0290885
1864 0.0281168
1865 0.0281029
1866 0.0290268
1867 0.0284411
1868 0.0287383
1869 0.0289197
1870 0.0278214
1871 0.0291289
1872 0.0286831
1873 0.0287168
1874 0.0286197
1875 0.0280907
1876 0.0292994
1877 0.0286324
1878 0.028794
1879 0.0291111
1880 0.0292699
1881 0.028641
1882 0.0284502
1883 0.0283676
1884 0.0288013
1885 0.0286444
1886 0.0281676
1887 0.029348
1888 0.0281154
1889 0.0284433
1890 0.0278554
1891 0.028299
1892 0.0285022
1893 0.028389
1894 0.028231
1895 0.0288698
1896 0.0281635
1897 0.027741
1898 0.0281131
1899 0.0278458
1900 0.0276341
1900 0.883138
1901 0.0275298
1902 0.0280494
1903 0.0281161
1904 0.0279107
1905 0.0275854
1906 0.0277461
1907 0.0279854
1908 0.0283519
1909 0.0285888
1910 0.0271124
1911 0.0274948
1912 0.0274907
1913 0.0279424
1914 0.0274405
1915 0.0274551
1916 0.0276768
1917 0.028244
1918 0.027246
1919 0.0274987
1920 0.027316
1921 0.0274839
1922 0.028003
1923 0.0279906
1924 0.0278922
1925 0.0275166
1926 0.0277976
1927 0.0271329
1928 0.0271121
1929 0.0285991
1930 0.0270355
1931 0.0269554
1932 0.027588
1933 0.0275017
1934 0.0274796
1935 0.0274438
1936 0.0265717
1937 0.027589
1938 0.0270895
1939 0.0274
1940 0.0276503
1941 0.027297
1942 0.02747
1943 0.0281239
1944 0.0277872
1945 0.027131
1946 0.0270965
1947 0.027122
1948 0.0275191
1949 0.0270006
1950 0.0263504
1951 0.0266707
1952 0.027179
1953 0.026053
1954 0.0267931
1955 0.027033
1956 0.027279
1957 0.0270949
1958 0.0260062
1959 0.0268601
1960 0.0263915
1961 0.0270937
1962 0.0274527
1963 0.0264163
1964 0.0269603
1965 0.027198
1966 0.0267471
1967 0.0267748
1968 0.0272498
1969 0.0267118
1970 0.0267192
1971 0.0271983
1972 0.026831
1973 0.0264277
1974 0.026142
1975 0.0264073
1976 0.0267043
1977 0.0252251
1978 0.0268977
1979 0.0267928
1980 0.02644
1981 0.0263819
1982 0.0267304
1983 0.026931
1984 0.0262175
1985 0.0260381
1986 0.0263688
1987 0.0263283
1988 0.0252363
1989 0.0263739
1990 0.0256303
1991 0.0265281
1992 0.0261021
1993 0.0262074
1994 0.0261524
1995 0.0265121
1996 0.0263582
1997 0.0256827
1998 0.0266518
1999 0.0261749
2000 0.0254601
2000 0.893392
2001 0.0259997
2002 0.0255289
2003 0.0256564
2004 0.0253265
2005 0.025421
2006 0.0255474
2007 0.0252994
2008 0.0258614
2009 0.0257522
2010 0.0255609
2011 0.0256677
2012 0.0260428
2013 0.025535
2014 0.0259773
2015 0.0252873
2016 0.0258557
2017 0.0259576
2018 0.0254345
2019 0.0253932
2020 0.0254505
2021 0.0260139
2022 0.0251362
2023 0.0255822
2024 0.0254891
2025 0.0258171
2026 0.0255068
2027 0.0254097
2028 0.0250703
2029 0.0253219
2030 0.025142
2031 0.0252761
2032 0.0251121
2033 0.0251221
2034 0.0252363
2035 0.0254539
2036 0.0252555
2037 0.0256881
2038 0.0249379
2039 0.0258394
2040 0.0247851
2041 0.0255215
2042 0.0251179
2043 0.0258458
2044 0.025812
2045 0.0253188
2046 0.0245661
2047 0.0250296
2048 0.0251356
2049 0.0247637
2050 0.0255955
2051 0.0248144
2052 0.0247824
2053 0.0245868
2054 0.0247518
2055 0.0248366
2056 0.0245189
2057 0.0250884
2058 0.024331
2059 0.0256742
2060 0.0248507
2061 0.0248787
2062 0.0251527
2063 0.0244929
2064 0.0255112
2065 0.0247727
2066 0.024248
2067 0.0258477
2068 0.0248819
2069 0.024581
2070 0.0243237
2071 0.0240859
2072 0.0256943
2073 0.0242555
2074 0.0236039
2075 0.024828
2076 0.0245601
2077 0.0245311
2078 0.0241483
2079 0.0246146
2080 0.0246755
2081 0.0249756
2082 0.0242342
2083 0.0245334
2084 0.0243303
2085 0.0242515
2086 0.0248613
2087 0.0240384
2088 0.0251647
2089 0.0245396
2090 0.0242258
2091 0.0239986
2092 0.0245869
2093 0.0244829
2094 0.024454
2095 0.0245453
2096 0.0244665
2097 0.0239461
2098 0.0244313
2099 0.0240663
2100 0.0242832
2100 0.895671
2101 0.0241627
2102 0.0238306
2103 0.0243288
2104 0.0238634
2105 0.0243469
2106 0.0240851
2107 0.0239987
2108 0.0239018
2109 0.0242079
2110 0.0237051
2111 0.0233
2112 0.0244276
2113 0.0236523
2114 0.0235649
2115 0.0238866
2116 0.0235817
2117 0.0237005
2118 0.0238103
2119 0.0243324
2120 0.0239951
2121 0.0236974
2122 0.0238495
2123 0.0233627
2124 0.0234557
2125 0.0247448
2126 0.0241911
2127 0.0236938
2128 0.0242756
2129 0.0233028
2130 0.0239983
2131 0.0239649
2132 0.0239088
2133 0.0233356
2134 0.0224005
2135 0.0239497
2136 0.0238939
2137 0.0240818
2138 0.0235107
2139 0.0234107
2140 0.0234789
2141 0.0238903
2142 0.0228853
2143 0.0227322
2144 0.0236147
2145 0.0232835
2146 0.0226017
2147 0.0230436
2148 0.0231717
2149 0.022942
2150 0.0223876
2151 0.0231973
2152 0.0231498
2153 0.0228918
2154 0.0235698
2155 0.023175
2156 0.0232448
2157 0.0238406
2158 0.0236105
2159 0.0229849
2160 0.0229696
2161 0.0232147
2162 0.0234969
2163 0.0229473
2164 0.0233938
2165 0.02308
2166 0.0231868
2167 0.0227957
2168 0.0224673
2169 0.0230179
2170 0.0231362
2171 0.0228434
2172 0.0225263
2173 0.0229839
2174 0.0225682
2175 0.0222974
2176 0.0225321
2177 0.0221916
2178 0.0222759
2179 0.0227422
2180 0.0233128
2181 0.0232958
2182 0.0228386
2183 0.0223967
2184 0.0232031
2185 0.0231403
2186 0.0222646
2187 0.0232252
2188 0.0226049
2189 0.0231633
2190 0.023378
2191 0.0229639
2192 0.0221555
2193 0.0216547
2194 0.0226839
2195 0.0224918
2196 0.0234018
2197 0.0227967
2198 0.0219942
2199 0.0226993
2200 0.022292
2200 0.906413
